2024-10-28 12:16:36,364 - INFO - app - Whisper model initialized successfully.
2024-10-28 12:16:45,025 - INFO - app - Whisper model initialized successfully.
2024-10-28 12:16:45,026 - INFO - uvicorn.error - Started server process [5260]
2024-10-28 12:16:45,027 - INFO - uvicorn.error - Waiting for application startup.
2024-10-28 12:16:45,028 - INFO - uvicorn.error - Application startup complete.
2024-10-28 12:16:45,030 - INFO - uvicorn.error - Uvicorn running on http://0.0.0.0:8000 (Press CTRL+C to quit)
2024-10-28 12:17:53,967 - INFO - uvicorn.error - ('133.35.52.18', 0) - "WebSocket /ws" [accepted]
2024-10-28 12:17:53,970 - INFO - uvicorn.error - connection open
2024-10-28 12:17:54,183 - INFO - uvicorn.access - 133.35.52.18:0 - "GET / HTTP/1.1" 200
2024-10-28 12:17:54,222 - INFO - app - WebSocket disconnected.
2024-10-28 12:17:54,223 - INFO - app - Final accumulated transcription: 
2024-10-28 12:17:54,224 - ERROR - app - Error closing WebSocket: Unexpected ASGI message 'websocket.close', after sending 'websocket.close' or response already completed.
2024-10-28 12:17:54,225 - INFO - uvicorn.error - connection closed
2024-10-28 12:17:55,665 - INFO - uvicorn.access - 133.35.52.18:0 - "GET / HTTP/1.1" 200
2024-10-28 12:17:59,454 - INFO - uvicorn.error - ('133.35.52.18', 0) - "WebSocket /ws" [accepted]
2024-10-28 12:17:59,458 - INFO - uvicorn.error - connection open
2024-10-28 12:18:17,289 - INFO - uvicorn.access - 133.35.52.18:0 - "GET / HTTP/1.1" 200
2024-10-28 12:18:17,332 - INFO - app - WebSocket disconnected.
2024-10-28 12:18:17,333 - INFO - app - Final accumulated transcription: 
2024-10-28 12:18:17,333 - ERROR - app - Error closing WebSocket: Unexpected ASGI message 'websocket.close', after sending 'websocket.close' or response already completed.
2024-10-28 12:18:17,334 - INFO - uvicorn.error - connection closed
2024-10-28 12:18:20,412 - INFO - uvicorn.error - ('133.35.52.18', 0) - "WebSocket /ws" [accepted]
2024-10-28 12:18:20,415 - INFO - uvicorn.error - connection open
2024-10-28 12:19:04,558 - INFO - app - Transcribing audio chunk...
2024-10-28 12:19:04,559 - INFO - faster_whisper - Processing audio with duration 00:43.520
2024-10-28 12:19:19,745 - INFO - app - Transcription result:  Test.  One, two.  Test.  Test.  Test.  Test.  One, two, test.  Test.  Test.
2024-10-28 12:19:19,747 - INFO - uvicorn.error - connection closed
2024-10-28 12:19:19,748 - INFO - app - WebSocket disconnected.
2024-10-28 12:19:19,748 - INFO - app - Final accumulated transcription:  Test.  One, two.  Test.  Test.  Test.  Test.  One, two, test.  Test.  Test. 
2024-10-28 12:21:44,479 - INFO - uvicorn.error - Shutting down
2024-10-28 12:21:44,590 - INFO - uvicorn.error - Waiting for application shutdown.
2024-10-28 12:21:44,591 - INFO - uvicorn.error - Application shutdown complete.
2024-10-28 12:21:44,591 - INFO - uvicorn.error - Finished server process [5260]
2024-10-28 12:22:06,934 - INFO - app - Whisper model initialized successfully.
2024-10-28 12:22:16,018 - INFO - app - Whisper model initialized successfully.
2024-10-28 12:22:16,019 - INFO - uvicorn.error - Started server process [9468]
2024-10-28 12:22:16,020 - INFO - uvicorn.error - Waiting for application startup.
2024-10-28 12:22:16,021 - INFO - uvicorn.error - Application startup complete.
2024-10-28 12:22:16,022 - INFO - uvicorn.error - Uvicorn running on http://0.0.0.0:8000 (Press CTRL+C to quit)
2024-10-28 12:22:16,062 - INFO - uvicorn.access - 133.35.52.18:0 - "GET / HTTP/1.1" 200
2024-10-28 12:22:19,352 - INFO - uvicorn.error - ('133.35.52.18', 0) - "WebSocket /ws" [accepted]
2024-10-28 12:22:19,355 - INFO - uvicorn.error - connection open
2024-10-28 12:22:27,824 - INFO - app - Transcribing audio chunk...
2024-10-28 12:22:27,826 - INFO - faster_whisper - Processing audio with duration 00:08.192
2024-10-28 12:22:31,206 - INFO - app - Transcription result:  1, 2, test, test, 1, 2, 1, 2, test.
2024-10-28 12:22:31,209 - INFO - app - WebSocket disconnected.
2024-10-28 12:22:31,210 - INFO - app - Final accumulated transcription:  1, 2, test, test, 1, 2, 1, 2, test. 
2024-10-28 12:22:31,211 - INFO - uvicorn.error - connection closed
2024-10-28 12:24:18,886 - INFO - uvicorn.error - Shutting down
2024-10-28 12:24:18,995 - INFO - uvicorn.error - Waiting for application shutdown.
2024-10-28 12:24:18,997 - INFO - uvicorn.error - Application shutdown complete.
2024-10-28 12:24:18,998 - INFO - uvicorn.error - Finished server process [9468]
2024-10-28 12:24:34,436 - INFO - app - Whisper model initialized successfully.
2024-10-28 12:24:43,256 - INFO - app - Whisper model initialized successfully.
2024-10-28 12:24:43,258 - INFO - uvicorn.error - Started server process [9516]
2024-10-28 12:24:43,259 - INFO - uvicorn.error - Waiting for application startup.
2024-10-28 12:24:43,261 - INFO - uvicorn.error - Application startup complete.
2024-10-28 12:24:43,264 - INFO - uvicorn.error - Uvicorn running on http://0.0.0.0:8000 (Press CTRL+C to quit)
2024-10-28 12:24:59,888 - INFO - uvicorn.error - Shutting down
2024-10-28 12:24:59,998 - INFO - uvicorn.error - Waiting for application shutdown.
2024-10-28 12:24:59,999 - INFO - uvicorn.error - Application shutdown complete.
2024-10-28 12:25:00,000 - INFO - uvicorn.error - Finished server process [9516]
2024-10-28 12:25:49,163 - INFO - app - Whisper model initialized successfully.
2024-10-28 12:25:57,889 - INFO - app - Whisper model initialized successfully.
2024-10-28 12:25:57,890 - INFO - uvicorn.error - Started server process [10196]
2024-10-28 12:25:57,891 - INFO - uvicorn.error - Waiting for application startup.
2024-10-28 12:25:57,892 - INFO - uvicorn.error - Application startup complete.
2024-10-28 12:25:57,893 - INFO - uvicorn.error - Uvicorn running on http://0.0.0.0:8000 (Press CTRL+C to quit)
2024-10-28 12:25:58,201 - INFO - uvicorn.access - 133.35.52.18:0 - "GET / HTTP/1.1" 200
2024-10-28 12:26:00,836 - INFO - uvicorn.error - ('133.35.52.18', 0) - "WebSocket /ws" [accepted]
2024-10-28 12:26:00,839 - INFO - uvicorn.error - connection open
2024-10-28 12:26:10,690 - INFO - app - Transcribing audio chunk...
2024-10-28 12:26:10,691 - INFO - faster_whisper - Processing audio with duration 00:09.472
2024-10-28 12:26:13,499 - INFO - app - Transcription result:  test one two test test test one two test one two
2024-10-28 12:26:13,502 - INFO - app - WebSocket disconnected.
2024-10-28 12:26:13,504 - INFO - app - Final accumulated transcription:  test one two test test test one two test one two 
2024-10-28 12:26:13,506 - INFO - uvicorn.error - connection closed
2024-10-28 12:26:34,191 - INFO - uvicorn.error - Shutting down
2024-10-28 12:26:34,303 - INFO - uvicorn.error - Waiting for application shutdown.
2024-10-28 12:26:34,304 - INFO - uvicorn.error - Application shutdown complete.
2024-10-28 12:26:34,305 - INFO - uvicorn.error - Finished server process [10196]
2024-10-28 12:26:49,813 - INFO - app - Whisper model initialized successfully.
2024-10-28 12:26:58,868 - INFO - app - Whisper model initialized successfully.
2024-10-28 12:26:58,870 - INFO - uvicorn.error - Started server process [9676]
2024-10-28 12:26:58,871 - INFO - uvicorn.error - Waiting for application startup.
2024-10-28 12:26:58,873 - INFO - uvicorn.error - Application startup complete.
2024-10-28 12:26:58,874 - INFO - uvicorn.error - Uvicorn running on http://0.0.0.0:8000 (Press CTRL+C to quit)
2024-10-28 12:27:07,825 - INFO - uvicorn.access - 133.35.52.18:0 - "GET / HTTP/1.1" 200
2024-10-28 12:27:10,674 - INFO - uvicorn.error - ('133.35.52.18', 0) - "WebSocket /ws" [accepted]
2024-10-28 12:27:10,676 - INFO - uvicorn.error - connection open
2024-10-28 12:27:15,824 - INFO - app - Transcribing audio chunk...
2024-10-28 12:27:15,825 - INFO - faster_whisper - Processing audio with duration 00:05.120
2024-10-28 12:27:18,943 - INFO - app - Transcription result:  Test, one, two. Test, test. Test, one, two.
2024-10-28 12:27:18,945 - INFO - app - Sent transcription to client.
2024-10-28 12:27:20,924 - INFO - app - Transcribing audio chunk...
2024-10-28 12:27:20,926 - INFO - faster_whisper - Processing audio with duration 00:06.120
2024-10-28 12:27:22,516 - INFO - app - Transcription result:  one too.
2024-10-28 12:27:22,518 - INFO - app - Sent transcription to client.
2024-10-28 12:27:26,039 - INFO - app - Transcribing audio chunk...
2024-10-28 12:27:26,041 - INFO - faster_whisper - Processing audio with duration 00:06.120
2024-10-28 12:27:27,865 - INFO - app - Transcription result: 
2024-10-28 12:27:27,867 - INFO - app - No transcription to send (silence or noise).
2024-10-28 12:27:31,176 - INFO - app - Transcribing audio chunk...
2024-10-28 12:27:31,177 - INFO - faster_whisper - Processing audio with duration 00:06.120
2024-10-28 12:27:32,696 - INFO - app - Transcription result:  This test.
2024-10-28 12:27:32,698 - INFO - app - Sent transcription to client.
2024-10-28 12:27:36,269 - INFO - app - Transcribing audio chunk...
2024-10-28 12:27:36,271 - INFO - faster_whisper - Processing audio with duration 00:06.120
2024-10-28 12:27:38,565 - INFO - app - Transcription result:  Test, test, test.  Engine, fire, lift.
2024-10-28 12:27:38,566 - INFO - app - Sent transcription to client.
2024-10-28 12:27:41,419 - INFO - app - Transcribing audio chunk...
2024-10-28 12:27:41,421 - INFO - faster_whisper - Processing audio with duration 00:06.120
2024-10-28 12:27:43,611 - INFO - app - Transcription result:  fire left, engine fire right, APU fire, APU fire.
2024-10-28 12:27:43,614 - INFO - app - Sent transcription to client.
2024-10-28 12:27:46,506 - INFO - app - Transcribing audio chunk...
2024-10-28 12:27:46,507 - INFO - faster_whisper - Processing audio with duration 00:06.120
2024-10-28 12:27:47,953 - INFO - app - Transcription result:  See you, fire.
2024-10-28 12:27:47,955 - INFO - app - Sent transcription to client.
2024-10-28 12:27:51,627 - INFO - app - Transcribing audio chunk...
2024-10-28 12:27:51,629 - INFO - faster_whisper - Processing audio with duration 00:06.120
2024-10-28 12:27:53,041 - INFO - app - Transcription result: 
2024-10-28 12:27:53,043 - INFO - app - No transcription to send (silence or noise).
2024-10-28 12:27:53,044 - INFO - uvicorn.error - Shutting down
2024-10-28 12:27:53,046 - INFO - app - WebSocket disconnected.
2024-10-28 12:27:53,047 - INFO - app - Final accumulated transcription:  Test, one, two. Test, test. Test, one, two.  one too.  This test.  Test, test, test.  Engine, fire, lift.  fire left, engine fire right, APU fire, APU fire.  See you, fire. 
2024-10-28 12:27:53,049 - ERROR - app - Error closing WebSocket: Unexpected ASGI message 'websocket.close', after sending 'websocket.close' or response already completed.
2024-10-28 12:27:53,050 - INFO - uvicorn.error - connection closed
2024-10-28 12:27:53,163 - INFO - uvicorn.error - Waiting for application shutdown.
2024-10-28 12:27:53,164 - INFO - uvicorn.error - Application shutdown complete.
2024-10-28 12:27:53,165 - INFO - uvicorn.error - Finished server process [9676]
2024-10-28 12:29:45,961 - INFO - app - Whisper model initialized successfully.
2024-10-28 12:29:50,627 - INFO - app - Whisper model initialized successfully.
2024-10-28 12:29:50,628 - INFO - uvicorn.error - Started server process [11000]
2024-10-28 12:29:50,630 - INFO - uvicorn.error - Waiting for application startup.
2024-10-28 12:29:50,631 - INFO - uvicorn.error - Application startup complete.
2024-10-28 12:29:50,633 - INFO - uvicorn.error - Uvicorn running on http://0.0.0.0:8000 (Press CTRL+C to quit)
2024-10-28 12:29:53,010 - INFO - uvicorn.access - 133.35.52.18:0 - "GET / HTTP/1.1" 200
2024-10-28 12:29:56,050 - INFO - uvicorn.error - ('133.35.52.18', 0) - "WebSocket /ws" [accepted]
2024-10-28 12:29:56,052 - INFO - uvicorn.error - connection open
2024-10-28 12:30:01,216 - INFO - app - Transcribing audio chunk...
2024-10-28 12:30:01,218 - INFO - faster_whisper - Processing audio with duration 00:05.120
2024-10-28 12:30:02,795 - INFO - faster_whisper - Detected language 'ko' with probability 0.45
2024-10-28 12:30:11,365 - INFO - app - Sent transcription to client.
2024-10-28 12:30:11,370 - INFO - app - Transcribing audio chunk...
2024-10-28 12:30:11,371 - INFO - faster_whisper - Processing audio with duration 00:06.120
2024-10-28 12:30:11,966 - INFO - faster_whisper - Detected language 'en' with probability 0.40
2024-10-28 12:30:12,746 - INFO - app - Transcription result:  Got to follow, follow like you will
2024-10-28 12:30:12,749 - INFO - app - Sent transcription to client.
2024-10-28 12:30:12,755 - INFO - app - Transcribing audio chunk...
2024-10-28 12:30:12,756 - INFO - faster_whisper - Processing audio with duration 00:06.120
2024-10-28 12:30:13,365 - INFO - faster_whisper - Detected language 'en' with probability 0.54
2024-10-28 12:30:13,958 - INFO - app - Transcription result:  Thanks for watching!
2024-10-28 12:30:13,961 - INFO - app - Sent transcription to client.
2024-10-28 12:30:16,540 - INFO - app - Transcribing audio chunk...
2024-10-28 12:30:16,541 - INFO - faster_whisper - Processing audio with duration 00:06.120
2024-10-28 12:30:17,321 - INFO - faster_whisper - Detected language 'en' with probability 0.43
2024-10-28 12:30:17,872 - INFO - app - Transcription result: 
2024-10-28 12:30:17,873 - INFO - app - No transcription to send (silence or noise).
2024-10-28 12:30:21,682 - INFO - app - Transcribing audio chunk...
2024-10-28 12:30:21,684 - INFO - faster_whisper - Processing audio with duration 00:06.120
2024-10-28 12:30:22,506 - INFO - faster_whisper - Detected language 'en' with probability 0.53
2024-10-28 12:30:30,636 - INFO - app - Transcription result:  Thanks for watching!
2024-10-28 12:30:30,638 - INFO - app - Sent transcription to client.
2024-10-28 12:30:30,644 - INFO - app - Transcribing audio chunk...
2024-10-28 12:30:30,645 - INFO - faster_whisper - Processing audio with duration 00:06.120
2024-10-28 12:30:31,236 - INFO - faster_whisper - Detected language 'en' with probability 0.48
2024-10-28 12:30:31,699 - INFO - app - Transcription result: 
2024-10-28 12:30:31,700 - INFO - app - No transcription to send (silence or noise).
2024-10-28 12:30:31,702 - INFO - app - Transcribing audio chunk...
2024-10-28 12:30:31,703 - INFO - faster_whisper - Processing audio with duration 00:04.072
2024-10-28 12:30:32,275 - INFO - faster_whisper - Detected language 'en' with probability 0.43
2024-10-28 12:30:32,744 - INFO - app - Transcription result: 
2024-10-28 12:30:32,746 - INFO - app - No transcription to send (silence or noise).
2024-10-28 12:30:32,749 - INFO - app - WebSocket disconnected.
2024-10-28 12:30:32,780 - ERROR - app - Error closing WebSocket: Unexpected ASGI message 'websocket.close', after sending 'websocket.close' or response already completed.
2024-10-28 12:30:32,780 - INFO - uvicorn.error - connection closed
2024-10-28 12:30:35,151 - INFO - uvicorn.error - Shutting down
2024-10-28 12:30:35,266 - INFO - uvicorn.error - Waiting for application shutdown.
2024-10-28 12:30:35,266 - INFO - uvicorn.error - Application shutdown complete.
2024-10-28 12:30:35,267 - INFO - uvicorn.error - Finished server process [11000]
2024-10-28 12:32:03,081 - INFO - app - Whisper model initialized successfully.
2024-10-28 12:32:07,766 - INFO - app - Whisper model initialized successfully.
2024-10-28 12:32:07,767 - INFO - uvicorn.error - Started server process [8904]
2024-10-28 12:32:07,768 - INFO - uvicorn.error - Waiting for application startup.
2024-10-28 12:32:07,769 - INFO - uvicorn.error - Application startup complete.
2024-10-28 12:32:07,771 - INFO - uvicorn.error - Uvicorn running on http://0.0.0.0:8000 (Press CTRL+C to quit)
